0 info it worked if it ends with ok
1 verbose cli [ 'C:\\APS\\NodeJS\\node.exe',
1 verbose cli   'C:\\APS\\NodeJS\\node_modules\\npm\\bin\\npm-cli.js',
1 verbose cli   'install',
1 verbose cli   '-g',
1 verbose cli   'create-react-app' ]
2 info using npm@4.1.2
3 info using node@v7.5.0
4 silly loadCurrentTree Starting
5 silly install loadCurrentTree
6 silly install readGlobalPackageData
7 silly fetchPackageMetaData create-react-app
8 silly fetchNamedPackageData create-react-app
9 silly mapToRegistry name create-react-app
10 silly mapToRegistry using default registry
11 silly mapToRegistry registry https://registry.npmjs.org/
12 silly mapToRegistry data Result {
12 silly mapToRegistry   raw: 'create-react-app',
12 silly mapToRegistry   scope: null,
12 silly mapToRegistry   escapedName: 'create-react-app',
12 silly mapToRegistry   name: 'create-react-app',
12 silly mapToRegistry   rawSpec: '',
12 silly mapToRegistry   spec: 'latest',
12 silly mapToRegistry   type: 'tag' }
13 silly mapToRegistry uri https://registry.npmjs.org/create-react-app
14 verbose request uri https://registry.npmjs.org/create-react-app
15 verbose request no auth needed
16 info attempt registry request try #1 at 12:44:32 PM
17 verbose request id 179de2b862f68e13
18 http request GET https://registry.npmjs.org/create-react-app
19 info retry will retry, error on last attempt: Error: tunneling socket could not be established, cause=getaddrinfo ENOTFOUND genproxy_corp.amdocs.com genproxy_corp.amdocs.com:8080
20 info attempt registry request try #2 at 12:44:42 PM
21 http request GET https://registry.npmjs.org/create-react-app
22 info retry will retry, error on last attempt: Error: tunneling socket could not be established, cause=getaddrinfo ENOTFOUND genproxy_corp.amdocs.com genproxy_corp.amdocs.com:8080
23 info attempt registry request try #3 at 12:45:42 PM
24 http request GET https://registry.npmjs.org/create-react-app
25 silly fetchPackageMetaData Error: tunneling socket could not be established, cause=getaddrinfo ENOTFOUND genproxy_corp.amdocs.com genproxy_corp.amdocs.com:8080
25 silly fetchPackageMetaData     at ClientRequest.onError (C:\APS\NodeJS\node_modules\npm\node_modules\request\node_modules\tunnel-agent\index.js:176:17)
25 silly fetchPackageMetaData     at Object.onceWrapper (events.js:291:19)
25 silly fetchPackageMetaData     at emitOne (events.js:96:13)
25 silly fetchPackageMetaData     at ClientRequest.emit (events.js:189:7)
25 silly fetchPackageMetaData     at TLSSocket.socketErrorListener (_http_client.js:358:9)
25 silly fetchPackageMetaData     at emitOne (events.js:96:13)
25 silly fetchPackageMetaData     at TLSSocket.emit (events.js:189:7)
25 silly fetchPackageMetaData     at connectErrorNT (net.js:1025:8)
25 silly fetchPackageMetaData     at _combinedTickCallback (internal/process/next_tick.js:74:11)
25 silly fetchPackageMetaData     at process._tickCallback (internal/process/next_tick.js:98:9)
25 silly fetchPackageMetaData  error for create-react-app { Error: tunneling socket could not be established, cause=getaddrinfo ENOTFOUND genproxy_corp.amdocs.com genproxy_corp.amdocs.com:8080
25 silly fetchPackageMetaData     at ClientRequest.onError (C:\APS\NodeJS\node_modules\npm\node_modules\request\node_modules\tunnel-agent\index.js:176:17)
25 silly fetchPackageMetaData     at Object.onceWrapper (events.js:291:19)
25 silly fetchPackageMetaData     at emitOne (events.js:96:13)
25 silly fetchPackageMetaData     at ClientRequest.emit (events.js:189:7)
25 silly fetchPackageMetaData     at TLSSocket.socketErrorListener (_http_client.js:358:9)
25 silly fetchPackageMetaData     at emitOne (events.js:96:13)
25 silly fetchPackageMetaData     at TLSSocket.emit (events.js:189:7)
25 silly fetchPackageMetaData     at connectErrorNT (net.js:1025:8)
25 silly fetchPackageMetaData     at _combinedTickCallback (internal/process/next_tick.js:74:11)
25 silly fetchPackageMetaData     at process._tickCallback (internal/process/next_tick.js:98:9) code: 'ECONNRESET' }
26 silly rollbackFailedOptional Starting
27 verbose stack TypeError: Cannot read property 'path' of null
27 verbose stack     at Installer.rollbackFailedOptional (C:\APS\NodeJS\node_modules\npm\lib\install.js:511:29)
27 verbose stack     at Array.<anonymous> (C:\APS\NodeJS\node_modules\npm\node_modules\slide\lib\bind-actor.js:15:8)
27 verbose stack     at LOOP (C:\APS\NodeJS\node_modules\npm\node_modules\slide\lib\chain.js:15:14)
27 verbose stack     at C:\APS\NodeJS\node_modules\npm\node_modules\slide\lib\chain.js:18:7
27 verbose stack     at C:\APS\NodeJS\node_modules\npm\lib\install.js:337:5
27 verbose stack     at Array.<anonymous> (C:\APS\NodeJS\node_modules\npm\node_modules\slide\lib\bind-actor.js:15:8)
27 verbose stack     at LOOP (C:\APS\NodeJS\node_modules\npm\node_modules\slide\lib\chain.js:15:14)
27 verbose stack     at chain (C:\APS\NodeJS\node_modules\npm\node_modules\slide\lib\chain.js:20:5)
27 verbose stack     at C:\APS\NodeJS\node_modules\npm\lib\install.js:294:5
27 verbose stack     at C:\APS\NodeJS\node_modules\npm\node_modules\slide\lib\chain.js:16:22
28 verbose cwd C:\Users\salils\React training self\React front to back learning
29 error Windows_NT 10.0.17763
30 error argv "C:\\APS\\NodeJS\\node.exe" "C:\\APS\\NodeJS\\node_modules\\npm\\bin\\npm-cli.js" "install" "-g" "create-react-app"
31 error node v7.5.0
32 error npm  v4.1.2
33 error Cannot read property 'path' of null
34 error If you need help, you may report this error at:
34 error     <https://github.com/npm/npm/issues>
35 verbose exit [ 1, true ]
